<?xml version="1.0" encoding="UTF-8"?>
<coverage generated="1573213624975" clover="4.2.0">
   <project name="hello_app 1.2.1" timestamp="1573213622411">
      <metrics coveredelements="176" complexity="88" loc="709" methods="45" classes="6" statements="234" packages="1" coveredconditionals="18" coveredmethods="38" elements="349" ncloc="516" files="6" conditionals="70" coveredstatements="120"/>
      <package name="eu.stamp_project.examples.dhell">
         <metrics coveredelements="176" complexity="88" loc="709" methods="45" classes="6" statements="234" coveredconditionals="18" coveredmethods="38" elements="349" ncloc="516" files="6" conditionals="70" coveredstatements="120"/>
         <file path="/home/yosu/Projects/STAMP/Git/dhell/src/main/java/eu/stamp_project/examples/dhell/HelloApp.java" name="HelloApp.java">
            <metrics coveredelements="65" coveredconditionals="6" complexity="21" loc="185" coveredmethods="14" methods="16" elements="75" classes="1" ncloc="117" statements="49" conditionals="10" coveredstatements="45"/>
            <class name="HelloApp">
               <metrics coveredelements="65" coveredconditionals="6" complexity="21" coveredmethods="14" methods="16" elements="75" statements="49" conditionals="10" coveredstatements="45"/>
            </class>
            <line complexity="1" visibility="public" signature="HelloApp()" num="21" count="2" type="method"/>
            <line num="23" count="2" type="stmt"/>
            <line complexity="1" visibility="public" signature="HelloApp(int)" num="27" count="1" type="method"/>
            <line num="29" count="1" type="stmt"/>
            <line complexity="1" visibility="public" signature="HelloApp(String)" num="33" count="1" type="method"/>
            <line num="35" count="1" type="stmt"/>
            <line complexity="1" visibility="public" signature="HelloApp(int,String)" num="39" count="5" type="method"/>
            <line num="41" count="5" type="stmt"/>
            <line complexity="1" visibility="public" signature="HelloApp(String,int,String)" num="44" count="9" type="method"/>
            <line num="46" count="9" type="stmt"/>
            <line num="47" count="9" type="stmt"/>
            <line num="48" count="9" type="stmt"/>
            <line num="49" count="9" type="stmt"/>
            <line num="50" count="9" type="stmt"/>
            <line num="51" count="9" type="stmt"/>
            <line num="52" count="9" type="stmt"/>
            <line num="54" count="9" type="stmt"/>
            <line num="57" count="9" type="stmt"/>
            <line complexity="3" visibility="public" signature="run() : void" num="61" count="3" type="method"/>
            <line num="63" count="3" type="stmt"/>
            <line num="64" count="3" type="stmt"/>
            <line num="66" count="3" type="stmt"/>
            <line num="67" count="3" type="stmt"/>
            <line num="69" count="3" type="stmt"/>
            <line falsecount="0" truecount="3" num="69" type="cond"/>
            <line num="71" count="3" type="stmt"/>
            <line num="75" count="0" type="stmt"/>
            <line num="78" count="3" type="stmt"/>
            <line num="80" count="3" type="stmt"/>
            <line falsecount="3" truecount="28" num="80" type="cond"/>
            <line num="82" count="28" type="stmt"/>
            <line num="84" count="3" type="stmt"/>
            <line num="85" count="3" type="stmt"/>
            <line num="86" count="3" type="stmt"/>
            <line num="87" count="3" type="stmt"/>
            <line num="89" count="3" type="stmt"/>
            <line num="91" count="3" type="stmt"/>
            <line complexity="1" visibility="public" signature="returnSomething() : Integer" num="95" count="1" type="method"/>
            <line num="97" count="1" type="stmt"/>
            <line num="98" count="1" type="stmt"/>
            <line num="99" count="1" type="stmt"/>
            <line complexity="1" visibility="public" signature="computeMyUselessResult() : void" num="103" count="0" type="method"/>
            <line complexity="1" visibility="public" signature="getMyPrintCount() : int" num="117" count="5" type="method"/>
            <line num="119" count="5" type="stmt"/>
            <line complexity="1" visibility="public" signature="getMyTracesName() : String" num="123" count="13" type="method"/>
            <line num="125" count="13" type="stmt"/>
            <line complexity="1" visibility="public" signature="getShouldPrintOnStdout() : boolean" num="129" count="9" type="method"/>
            <line num="131" count="9" type="stmt"/>
            <line complexity="1" visibility="public" signature="setShouldPrintOnStdout(boolean) : void" num="135" count="0" type="method"/>
            <line num="137" count="0" type="stmt"/>
            <line complexity="2" visibility="public" signature="cardMyTraces() : int" num="144" count="4" type="method"/>
            <line num="146" count="4" type="stmt"/>
            <line num="148" count="4" type="stmt"/>
            <line falsecount="4" truecount="0" num="148" type="cond"/>
            <line num="150" count="0" type="stmt"/>
            <line num="153" count="4" type="stmt"/>
            <line complexity="1" visibility="public" signature="getMyTraces() : MyStorage" num="157" count="5" type="method"/>
            <line num="159" count="5" type="stmt"/>
            <line complexity="2" visibility="protected" signature="myPrint(String) : void" num="168" count="9" type="method"/>
            <line num="170" count="9" type="stmt"/>
            <line falsecount="0" truecount="9" num="170" type="cond"/>
            <line num="172" count="9" type="stmt"/>
            <line num="174" count="9" type="stmt"/>
            <line complexity="2" visibility="public" signature="getMyAppSystemInformation(boolean) : String" num="177" count="2" type="method"/>
            <line num="178" count="2" type="stmt"/>
            <line num="179" count="2" type="stmt"/>
            <line num="180" count="2" type="stmt"/>
            <line falsecount="0" truecount="2" num="180" type="cond"/>
            <line num="181" count="2" type="stmt"/>
            <line num="183" count="0" type="stmt"/>
         </file>
         <file path="/home/yosu/Projects/STAMP/Git/dhell/src/main/java/eu/stamp_project/examples/dhell/HelloAppData.java" name="HelloAppData.java">
            <metrics coveredelements="16" coveredconditionals="0" complexity="8" loc="32" coveredmethods="8" methods="8" elements="16" classes="1" ncloc="31" statements="8" conditionals="0" coveredstatements="8"/>
            <class name="HelloAppData">
               <metrics coveredelements="16" coveredconditionals="0" complexity="8" coveredmethods="8" methods="8" elements="16" statements="8" conditionals="0" coveredstatements="8"/>
            </class>
            <line complexity="1" visibility="public" signature="getMyPrintCount() : int" num="8" count="48" type="method"/>
            <line num="9" count="48" type="stmt"/>
            <line complexity="1" visibility="public" signature="setMyPrintCount(int) : void" num="11" count="9" type="method"/>
            <line num="12" count="9" type="stmt"/>
            <line complexity="1" visibility="public" signature="getMyTracesName() : String" num="14" count="37" type="method"/>
            <line num="15" count="37" type="stmt"/>
            <line complexity="1" visibility="public" signature="setMyTracesName(String) : void" num="17" count="9" type="method"/>
            <line num="18" count="9" type="stmt"/>
            <line complexity="1" visibility="public" signature="getMyTraces() : MyStorage" num="20" count="24" type="method"/>
            <line num="21" count="24" type="stmt"/>
            <line complexity="1" visibility="public" signature="setMyTraces(MyStorage) : void" num="23" count="12" type="method"/>
            <line num="24" count="12" type="stmt"/>
            <line complexity="1" visibility="public" signature="isShouldPrintOnStdout() : boolean" num="26" count="9" type="method"/>
            <line num="27" count="9" type="stmt"/>
            <line complexity="1" visibility="public" signature="setShouldPrintOnStdout(boolean) : void" num="29" count="9" type="method"/>
            <line num="30" count="9" type="stmt"/>
         </file>
         <file path="/home/yosu/Projects/STAMP/Git/dhell/src/main/java/eu/stamp_project/examples/dhell/MyGod.java" name="MyGod.java">
            <metrics coveredelements="0" coveredconditionals="0" complexity="12" loc="113" coveredmethods="0" methods="2" elements="73" classes="1" ncloc="96" statements="53" conditionals="18" coveredstatements="0"/>
            <class name="MyGod">
               <metrics coveredelements="0" coveredconditionals="0" complexity="12" coveredmethods="0" methods="2" elements="73" statements="53" conditionals="18" coveredstatements="0"/>
            </class>
            <line complexity="11" visibility="public" signature="main(String[]) : void" num="18" count="0" type="method"/>
            <line num="20" count="0" type="stmt"/>
            <line num="21" count="0" type="stmt"/>
            <line num="22" count="0" type="stmt"/>
            <line num="23" count="0" type="stmt"/>
            <line num="24" count="0" type="stmt"/>
            <line num="25" count="0" type="stmt"/>
            <line num="26" count="0" type="stmt"/>
            <line num="28" count="0" type="stmt"/>
            <line falsecount="0" truecount="0" num="28" type="cond"/>
            <line num="30" count="0" type="stmt"/>
            <line falsecount="0" truecount="0" num="30" type="cond"/>
            <line num="32" count="0" type="stmt"/>
            <line num="33" count="0" type="stmt"/>
            <line num="34" count="0" type="stmt"/>
            <line num="36" count="0" type="stmt"/>
            <line falsecount="0" truecount="0" num="36" type="cond"/>
            <line num="38" count="0" type="stmt"/>
            <line num="39" count="0" type="stmt"/>
            <line num="41" count="0" type="stmt"/>
            <line falsecount="0" truecount="0" num="41" type="cond"/>
            <line num="43" count="0" type="stmt"/>
            <line falsecount="0" truecount="0" num="43" type="cond"/>
            <line num="45" count="0" type="stmt"/>
            <line num="49" count="0" type="stmt"/>
            <line num="50" count="0" type="stmt"/>
            <line num="52" count="0" type="stmt"/>
            <line num="54" count="0" type="stmt"/>
            <line falsecount="0" truecount="0" num="54" type="cond"/>
            <line num="56" count="0" type="stmt"/>
            <line num="57" count="0" type="stmt"/>
            <line num="59" count="0" type="stmt"/>
            <line falsecount="0" truecount="0" num="59" type="cond"/>
            <line num="61" count="0" type="stmt"/>
            <line num="62" count="0" type="stmt"/>
            <line num="66" count="0" type="stmt"/>
            <line num="67" count="0" type="stmt"/>
            <line num="71" count="0" type="stmt"/>
            <line falsecount="0" truecount="0" num="71" type="cond"/>
            <line num="73" count="0" type="stmt"/>
            <line falsecount="0" truecount="0" num="73" type="cond"/>
            <line num="75" count="0" type="stmt"/>
            <line num="77" count="0" type="stmt"/>
            <line num="81" count="0" type="stmt"/>
            <line num="83" count="0" type="stmt"/>
            <line num="87" count="0" type="stmt"/>
            <line num="89" count="0" type="stmt"/>
            <line num="90" count="0" type="stmt"/>
            <line num="91" count="0" type="stmt"/>
            <line complexity="1" visibility="public" signature="printHelp() : void" num="96" count="0" type="method"/>
            <line num="98" count="0" type="stmt"/>
            <line num="99" count="0" type="stmt"/>
            <line num="100" count="0" type="stmt"/>
            <line num="101" count="0" type="stmt"/>
            <line num="102" count="0" type="stmt"/>
            <line num="103" count="0" type="stmt"/>
            <line num="104" count="0" type="stmt"/>
            <line num="105" count="0" type="stmt"/>
            <line num="106" count="0" type="stmt"/>
            <line num="107" count="0" type="stmt"/>
            <line num="108" count="0" type="stmt"/>
            <line num="109" count="0" type="stmt"/>
            <line num="110" count="0" type="stmt"/>
            <line num="111" count="0" type="stmt"/>
         </file>
         <file path="/home/yosu/Projects/STAMP/Git/dhell/src/main/java/eu/stamp_project/examples/dhell/MyLogger.java" name="MyLogger.java">
            <metrics coveredelements="0" coveredconditionals="0" complexity="13" loc="107" coveredmethods="0" methods="2" elements="64" classes="1" ncloc="83" statements="42" conditionals="20" coveredstatements="0"/>
            <class name="MyLogger">
               <metrics coveredelements="0" coveredconditionals="0" complexity="13" coveredmethods="0" methods="2" elements="64" statements="42" conditionals="20" coveredstatements="0"/>
            </class>
            <line complexity="3" visibility="public" signature="initLogs(String) : void" num="18" count="0" type="method"/>
            <line num="20" count="0" type="stmt"/>
            <line num="21" count="0" type="stmt"/>
            <line num="22" count="0" type="stmt"/>
            <line num="24" count="0" type="stmt"/>
            <line num="26" count="0" type="stmt"/>
            <line num="28" count="0" type="stmt"/>
            <line num="29" count="0" type="stmt"/>
            <line num="30" count="0" type="stmt"/>
            <line num="34" count="0" type="stmt"/>
            <line num="36" count="0" type="stmt"/>
            <line num="38" count="0" type="stmt"/>
            <line num="39" count="0" type="stmt"/>
            <line num="41" count="0" type="stmt"/>
            <line falsecount="0" truecount="0" num="41" type="cond"/>
            <line num="43" count="0" type="stmt"/>
            <line num="47" count="0" type="stmt"/>
            <line num="49" count="0" type="stmt"/>
            <line num="50" count="0" type="stmt"/>
            <line num="51" count="0" type="stmt"/>
            <line num="52" count="0" type="stmt"/>
            <line num="53" count="0" type="stmt"/>
            <line num="54" count="0" type="stmt"/>
            <line num="55" count="0" type="stmt"/>
            <line complexity="10" visibility="public" signature="stringToLevel(String) : Level" num="59" count="0" type="method"/>
            <line num="62" count="0" type="stmt"/>
            <line num="64" count="0" type="stmt"/>
            <line falsecount="0" truecount="0" num="64" type="cond"/>
            <line num="66" count="0" type="stmt"/>
            <line num="68" count="0" type="stmt"/>
            <line falsecount="0" truecount="0" num="68" type="cond"/>
            <line num="70" count="0" type="stmt"/>
            <line num="72" count="0" type="stmt"/>
            <line falsecount="0" truecount="0" num="72" type="cond"/>
            <line num="74" count="0" type="stmt"/>
            <line num="76" count="0" type="stmt"/>
            <line falsecount="0" truecount="0" num="76" type="cond"/>
            <line num="78" count="0" type="stmt"/>
            <line num="80" count="0" type="stmt"/>
            <line falsecount="0" truecount="0" num="80" type="cond"/>
            <line num="82" count="0" type="stmt"/>
            <line num="84" count="0" type="stmt"/>
            <line falsecount="0" truecount="0" num="84" type="cond"/>
            <line num="86" count="0" type="stmt"/>
            <line num="88" count="0" type="stmt"/>
            <line falsecount="0" truecount="0" num="88" type="cond"/>
            <line num="90" count="0" type="stmt"/>
            <line num="92" count="0" type="stmt"/>
            <line falsecount="0" truecount="0" num="92" type="cond"/>
            <line num="94" count="0" type="stmt"/>
            <line num="96" count="0" type="stmt"/>
            <line falsecount="0" truecount="0" num="96" type="cond"/>
            <line num="98" count="0" type="stmt"/>
            <line num="101" count="0" type="stmt"/>
         </file>
         <file path="/home/yosu/Projects/STAMP/Git/dhell/src/main/java/eu/stamp_project/examples/dhell/MyStorage.java" name="MyStorage.java">
            <metrics coveredelements="52" coveredconditionals="3" complexity="18" loc="170" coveredmethods="11" methods="12" elements="66" classes="1" ncloc="104" statements="46" conditionals="8" coveredstatements="38"/>
            <class name="MyStorage">
               <metrics coveredelements="52" coveredconditionals="3" complexity="18" coveredmethods="11" methods="12" elements="66" statements="46" conditionals="8" coveredstatements="38"/>
            </class>
            <line complexity="1" visibility="public" signature="deleteFile(String) : void" num="24" count="12" type="method"/>
            <line num="26" count="12" type="stmt"/>
            <line num="27" count="12" type="stmt"/>
            <line num="29" count="12" type="stmt"/>
            <line num="31" count="12" type="stmt"/>
            <line complexity="1" visibility="public" signature="MyStorage()" num="37" count="1" type="method"/>
            <line num="39" count="1" type="stmt"/>
            <line num="40" count="1" type="stmt"/>
            <line num="42" count="1" type="stmt"/>
            <line num="43" count="1" type="stmt"/>
            <line num="45" count="1" type="stmt"/>
            <line complexity="1" visibility="public" signature="MyStorage(String)" num="49" count="10" type="method"/>
            <line num="51" count="10" type="stmt"/>
            <line num="52" count="10" type="stmt"/>
            <line num="54" count="10" type="stmt"/>
            <line num="55" count="10" type="stmt"/>
            <line num="57" count="10" type="stmt"/>
            <line complexity="1" visibility="public" signature="readData() : void" num="61" count="4" type="method"/>
            <line num="63" count="4" type="stmt"/>
            <line num="64" count="4" type="stmt"/>
            <line num="66" count="4" type="stmt"/>
            <line num="68" count="4" type="stmt"/>
            <line complexity="1" visibility="public" signature="saveData() : void" num="73" count="4" type="method"/>
            <line num="75" count="4" type="stmt"/>
            <line num="76" count="4" type="stmt"/>
            <line num="78" count="4" type="stmt"/>
            <line num="80" count="4" type="stmt"/>
            <line complexity="1" visibility="public" signature="isEqual(MyStorage) : boolean" num="85" count="4" type="method"/>
            <line num="87" count="4" type="stmt"/>
            <line num="88" count="4" type="stmt"/>
            <line num="90" count="4" type="stmt"/>
            <line num="92" count="4" type="stmt"/>
            <line num="93" count="4" type="stmt"/>
            <line complexity="4" visibility="public" signature="dataAreEqual(ArrayList&lt;String&gt;) : boolean" num="97" count="3" type="method"/>
            <line num="99" count="3" type="stmt"/>
            <line num="100" count="3" type="stmt"/>
            <line num="102" count="3" type="stmt"/>
            <line num="104" count="3" type="stmt"/>
            <line falsecount="3" truecount="9" num="104" type="cond"/>
            <line num="106" count="9" type="stmt"/>
            <line falsecount="9" truecount="0" num="106" type="cond"/>
            <line num="108" count="0" type="stmt"/>
            <line num="112" count="3" type="stmt"/>
            <line num="113" count="3" type="stmt"/>
            <line complexity="1" visibility="public" signature="getFileName() : String" num="120" count="10" type="method"/>
            <line num="122" count="10" type="stmt"/>
            <line complexity="1" visibility="public" signature="getDataSize() : int" num="126" count="96" type="method"/>
            <line num="128" count="96" type="stmt"/>
            <line complexity="1" visibility="public" signature="getData(int) : String" num="132" count="59" type="method"/>
            <line num="134" count="59" type="stmt"/>
            <line complexity="1" visibility="public" signature="addData(String) : void" num="139" count="33" type="method"/>
            <line num="140" count="33" type="stmt"/>
            <line complexity="4" visibility="public" signature="delData(String) : void" num="144" count="0" type="method"/>
            <line num="146" count="0" type="stmt"/>
            <line num="148" count="0" type="stmt"/>
            <line num="150" count="0" type="stmt"/>
            <line falsecount="0" truecount="0" num="150" type="cond"/>
            <line num="152" count="0" type="stmt"/>
            <line falsecount="0" truecount="0" num="152" type="cond"/>
            <line num="154" count="0" type="stmt"/>
            <line num="155" count="0" type="stmt"/>
            <line num="159" count="0" type="stmt"/>
         </file>
         <file path="/home/yosu/Projects/STAMP/Git/dhell/src/main/java/eu/stamp_project/examples/dhell/MyStorageHelper.java" name="MyStorageHelper.java">
            <metrics coveredelements="43" coveredconditionals="9" complexity="16" loc="102" coveredmethods="5" methods="5" elements="55" classes="1" ncloc="85" statements="36" conditionals="14" coveredstatements="29"/>
            <class name="MyStorageHelper">
               <metrics coveredelements="43" coveredconditionals="9" complexity="16" coveredmethods="5" methods="5" elements="55" statements="36" conditionals="14" coveredstatements="29"/>
            </class>
            <line complexity="6" visibility="public" signature="readData(String,MyStorage) : void" num="11" count="4" type="method"/>
            <line num="12" count="4" type="stmt"/>
            <line num="13" count="4" type="stmt"/>
            <line num="14" count="4" type="stmt"/>
            <line num="16" count="4" type="stmt"/>
            <line num="18" count="4" type="stmt"/>
            <line num="19" count="4" type="stmt"/>
            <line num="20" count="4" type="stmt"/>
            <line falsecount="0" truecount="0" num="20" type="cond"/>
            <line num="22" count="15" type="stmt"/>
            <line num="27" count="0" type="stmt"/>
            <line num="28" count="0" type="stmt"/>
            <line num="31" count="4" type="stmt"/>
            <line num="33" count="4" type="stmt"/>
            <line falsecount="0" truecount="4" num="33" type="cond"/>
            <line num="35" count="4" type="stmt"/>
            <line num="37" count="4" type="stmt"/>
            <line falsecount="0" truecount="4" num="37" type="cond"/>
            <line num="39" count="4" type="stmt"/>
            <line num="44" count="0" type="stmt"/>
            <line num="45" count="0" type="stmt"/>
            <line complexity="3" visibility="public" signature="saveData(String,MyStorage) : void" num="49" count="4" type="method"/>
            <line num="50" count="4" type="stmt"/>
            <line num="52" count="4" type="stmt"/>
            <line num="53" count="4" type="stmt"/>
            <line falsecount="4" truecount="15" num="53" type="cond"/>
            <line num="55" count="15" type="stmt"/>
            <line num="57" count="4" type="stmt"/>
            <line num="61" count="0" type="stmt"/>
            <line num="62" count="0" type="stmt"/>
            <line complexity="2" visibility="public" signature="deleteFile(String) : void" num="66" count="12" type="method"/>
            <line num="67" count="12" type="stmt"/>
            <line num="70" count="12" type="stmt"/>
            <line num="71" count="12" type="stmt"/>
            <line falsecount="10" truecount="2" num="71" type="cond"/>
            <line num="73" count="2" type="stmt"/>
            <line complexity="4" visibility="public" signature="isEqual(MyStorage,MyStorage) : boolean" num="77" count="4" type="method"/>
            <line num="78" count="4" type="stmt"/>
            <line num="80" count="4" type="stmt"/>
            <line falsecount="4" truecount="15" num="80" type="cond"/>
            <line num="82" count="15" type="stmt"/>
            <line falsecount="15" truecount="0" num="82" type="cond"/>
            <line num="84" count="0" type="stmt"/>
            <line num="87" count="4" type="stmt"/>
            <line complexity="1" visibility="private" signature="addData(String,MyStorage) : void" num="90" count="15" type="method"/>
            <line num="92" count="15" type="stmt"/>
            <line num="95" count="15" type="stmt"/>
            <line num="97" count="15" type="stmt"/>
         </file>
      </package>
   </project>
   <testproject name="hello_app 1.2.1" timestamp="1573213622411">
      <metrics coveredelements="164" complexity="17" loc="317" methods="15" classes="2" statements="145" packages="1" coveredconditionals="4" coveredmethods="15" elements="164" ncloc="226" files="2" conditionals="4" coveredstatements="145"/>
      <package name="eu.stamp_project.examples.dhell">
         <metrics coveredelements="164" complexity="17" loc="317" methods="15" classes="2" statements="145" coveredconditionals="4" coveredmethods="15" elements="164" ncloc="226" files="2" conditionals="4" coveredstatements="145"/>
         <file path="/home/yosu/Projects/STAMP/Git/dhell/src/test/java/eu/stamp_project/examples/dhell/HelloAppTest.java" name="HelloAppTest.java">
            <metrics coveredelements="103" coveredconditionals="0" complexity="11" loc="199" coveredmethods="11" methods="11" elements="103" classes="1" ncloc="144" statements="92" conditionals="0" coveredstatements="92"/>
            <class name="HelloAppTest">
               <metrics coveredelements="103" complexity="11" methods="11" testruns="9" statements="92" coveredconditionals="0" coveredmethods="11" elements="103" testfailures="0" testduration="0.03900000000000001" conditionals="0" coveredstatements="92" testpasses="9"/>
            </class>
            <line complexity="1" visibility="public" signature="runOnceAtTheBeginning() : void" num="16" count="1" type="method"/>
            <line num="19" count="1" type="stmt"/>
            <line complexity="1" visibility="public" signature="runOnceAtTheEnd() : void" num="22" count="1" type="method"/>
            <line num="25" count="1" type="stmt"/>
            <line complexity="1" visibility="public" signature="testHelloAppDefault() : void" num="28" testsuccess="true" count="1" testduration="0.001" type="method"/>
            <line num="31" count="1" type="stmt"/>
            <line num="32" count="1" type="stmt"/>
            <line num="34" count="1" type="stmt"/>
            <line num="35" count="1" type="stmt"/>
            <line num="36" count="1" type="stmt"/>
            <line num="37" count="1" type="stmt"/>
            <line num="38" count="1" type="stmt"/>
            <line num="40" count="1" type="stmt"/>
            <line num="41" count="1" type="stmt"/>
            <line complexity="1" visibility="public" signature="testHelloAppInt() : void" num="44" testsuccess="true" count="1" testduration="0.0" type="method"/>
            <line num="47" count="1" type="stmt"/>
            <line num="48" count="1" type="stmt"/>
            <line num="49" count="1" type="stmt"/>
            <line num="51" count="1" type="stmt"/>
            <line num="52" count="1" type="stmt"/>
            <line num="53" count="1" type="stmt"/>
            <line num="54" count="1" type="stmt"/>
            <line num="56" count="1" type="stmt"/>
            <line num="57" count="1" type="stmt"/>
            <line complexity="1" visibility="public" signature="testHelloAppString() : void" num="60" testsuccess="true" count="1" testduration="0.001" type="method"/>
            <line num="63" count="1" type="stmt"/>
            <line num="64" count="1" type="stmt"/>
            <line num="65" count="1" type="stmt"/>
            <line num="67" count="1" type="stmt"/>
            <line num="68" count="1" type="stmt"/>
            <line num="69" count="1" type="stmt"/>
            <line num="70" count="1" type="stmt"/>
            <line num="72" count="1" type="stmt"/>
            <line num="73" count="1" type="stmt"/>
            <line complexity="1" visibility="public" signature="testHelloAppIntString() : void" num="76" testsuccess="true" count="1" testduration="0.001" type="method"/>
            <line num="79" count="1" type="stmt"/>
            <line num="80" count="1" type="stmt"/>
            <line num="81" count="1" type="stmt"/>
            <line num="82" count="1" type="stmt"/>
            <line num="84" count="1" type="stmt"/>
            <line num="85" count="1" type="stmt"/>
            <line num="86" count="1" type="stmt"/>
            <line num="87" count="1" type="stmt"/>
            <line num="89" count="1" type="stmt"/>
            <line num="90" count="1" type="stmt"/>
            <line complexity="1" visibility="public" signature="testHelloAppRun1() : void" num="93" testsuccess="true" count="1" testduration="0.001" type="method"/>
            <line num="96" count="1" type="stmt"/>
            <line num="97" count="1" type="stmt"/>
            <line num="98" count="1" type="stmt"/>
            <line num="99" count="1" type="stmt"/>
            <line num="102" count="1" type="stmt"/>
            <line num="103" count="1" type="stmt"/>
            <line num="108" count="1" type="stmt"/>
            <line num="109" count="1" type="stmt"/>
            <line num="110" count="1" type="stmt"/>
            <line num="111" count="1" type="stmt"/>
            <line num="113" count="1" type="stmt"/>
            <line num="114" count="1" type="stmt"/>
            <line num="115" count="1" type="stmt"/>
            <line complexity="1" visibility="public" signature="testHelloAppRun2() : void" num="118" testsuccess="true" count="1" testduration="0.001" type="method"/>
            <line num="121" count="1" type="stmt"/>
            <line num="122" count="1" type="stmt"/>
            <line num="123" count="1" type="stmt"/>
            <line num="124" count="1" type="stmt"/>
            <line num="125" count="1" type="stmt"/>
            <line num="126" count="1" type="stmt"/>
            <line num="129" count="1" type="stmt"/>
            <line num="130" count="1" type="stmt"/>
            <line num="135" count="1" type="stmt"/>
            <line num="136" count="1" type="stmt"/>
            <line num="137" count="1" type="stmt"/>
            <line num="139" count="1" type="stmt"/>
            <line num="140" count="1" type="stmt"/>
            <line num="141" count="1" type="stmt"/>
            <line num="142" count="1" type="stmt"/>
            <line complexity="1" visibility="public" signature="testHelloAppRun3() : void" num="145" testsuccess="true" count="1" testduration="0.002" type="method"/>
            <line num="148" count="1" type="stmt"/>
            <line num="149" count="1" type="stmt"/>
            <line num="150" count="1" type="stmt"/>
            <line num="151" count="1" type="stmt"/>
            <line num="152" count="1" type="stmt"/>
            <line num="153" count="1" type="stmt"/>
            <line num="154" count="1" type="stmt"/>
            <line num="157" count="1" type="stmt"/>
            <line num="158" count="1" type="stmt"/>
            <line num="163" count="1" type="stmt"/>
            <line num="164" count="1" type="stmt"/>
            <line num="165" count="1" type="stmt"/>
            <line num="166" count="1" type="stmt"/>
            <line num="167" count="1" type="stmt"/>
            <line complexity="1" visibility="public" signature="testHelloAppSomeInfoAreReturned() : void" num="170" testsuccess="true" count="1" testduration="0.03" type="method"/>
            <line num="172" count="1" type="stmt"/>
            <line num="173" count="1" type="stmt"/>
            <line num="174" count="1" type="stmt"/>
            <line num="175" count="1" type="stmt"/>
            <line num="178" count="1" type="stmt"/>
            <line complexity="1" visibility="public" signature="testHelloAppDetailedInfoAreReturned() : void" num="181" testsuccess="true" count="1" testduration="0.002" type="method"/>
            <line num="183" count="1" type="stmt"/>
            <line num="184" count="1" type="stmt"/>
            <line num="185" count="1" type="stmt"/>
            <line num="187" count="1" type="stmt"/>
            <line num="189" count="1" type="stmt"/>
            <line num="192" count="1" type="stmt"/>
         </file>
         <file path="/home/yosu/Projects/STAMP/Git/dhell/src/test/java/eu/stamp_project/examples/dhell/MyStorageTest.java" name="MyStorageTest.java">
            <metrics coveredelements="61" coveredconditionals="4" complexity="6" loc="118" coveredmethods="4" methods="4" elements="61" classes="1" ncloc="82" statements="53" conditionals="4" coveredstatements="53"/>
            <class name="MyStorageTest">
               <metrics coveredelements="61" complexity="6" methods="4" testruns="4" statements="53" coveredconditionals="4" coveredmethods="4" elements="61" testfailures="0" testduration="0.001" conditionals="4" coveredstatements="53" testpasses="4"/>
            </class>
            <line complexity="1" visibility="public" signature="testMyStorageDefault() : void" num="15" testsuccess="true" count="1" testduration="0.0" type="method"/>
            <line num="18" count="1" type="stmt"/>
            <line num="19" count="1" type="stmt"/>
            <line num="20" count="1" type="stmt"/>
            <line num="22" count="1" type="stmt"/>
            <line num="24" count="1" type="stmt"/>
            <line num="25" count="1" type="stmt"/>
            <line num="26" count="1" type="stmt"/>
            <line num="28" count="1" type="stmt"/>
            <line num="29" count="1" type="stmt"/>
            <line num="30" count="1" type="stmt"/>
            <line complexity="1" visibility="public" signature="testMyStorageString() : void" num="33" testsuccess="true" count="1" testduration="0.0" type="method"/>
            <line num="36" count="1" type="stmt"/>
            <line num="37" count="1" type="stmt"/>
            <line num="38" count="1" type="stmt"/>
            <line num="40" count="1" type="stmt"/>
            <line num="42" count="1" type="stmt"/>
            <line num="43" count="1" type="stmt"/>
            <line num="44" count="1" type="stmt"/>
            <line num="46" count="1" type="stmt"/>
            <line num="47" count="1" type="stmt"/>
            <line complexity="2" visibility="public" signature="testAddData() : void" num="50" testsuccess="true" count="1" testduration="0.0" type="method"/>
            <line num="53" count="1" type="stmt"/>
            <line num="54" count="1" type="stmt"/>
            <line num="55" count="1" type="stmt"/>
            <line num="61" count="1" type="stmt"/>
            <line num="62" count="1" type="stmt"/>
            <line num="63" count="1" type="stmt"/>
            <line num="65" count="1" type="stmt"/>
            <line num="66" count="1" type="stmt"/>
            <line falsecount="1" truecount="3" num="66" type="cond"/>
            <line num="68" count="3" type="stmt"/>
            <line num="71" count="1" type="stmt"/>
            <line num="72" count="1" type="stmt"/>
            <line complexity="2" visibility="public" signature="testSaveReadData() : void" num="75" testsuccess="true" count="1" testduration="0.001" type="method"/>
            <line num="78" count="1" type="stmt"/>
            <line num="79" count="1" type="stmt"/>
            <line num="80" count="1" type="stmt"/>
            <line num="81" count="1" type="stmt"/>
            <line num="82" count="1" type="stmt"/>
            <line num="84" count="1" type="stmt"/>
            <line num="90" count="1" type="stmt"/>
            <line num="91" count="1" type="stmt"/>
            <line num="92" count="1" type="stmt"/>
            <line num="95" count="1" type="stmt"/>
            <line num="96" count="1" type="stmt"/>
            <line falsecount="1" truecount="3" num="96" type="cond"/>
            <line num="98" count="3" type="stmt"/>
            <line num="100" count="1" type="stmt"/>
            <line num="101" count="1" type="stmt"/>
            <line num="103" count="1" type="stmt"/>
            <line num="104" count="1" type="stmt"/>
            <line num="105" count="1" type="stmt"/>
            <line num="108" count="1" type="stmt"/>
            <line num="109" count="1" type="stmt"/>
            <line num="111" count="1" type="stmt"/>
            <line num="112" count="1" type="stmt"/>
            <line num="113" count="1" type="stmt"/>
            <line num="116" count="1" type="stmt"/>
         </file>
      </package>
   </testproject>
</coverage>