DSpot encountered 1 error(s) during amplification.
Something bad happened during selection to keep amplified tests (post-amplification).
java.lang.RuntimeException: java.lang.RuntimeException: Maven build failed! Enable verbose mode for more information (--verbose)
	at eu.stamp_project.automaticbuilder.maven.MavenAutomaticBuilder.runPit(MavenAutomaticBuilder.java:172)
	at eu.stamp_project.dspot.selector.PitMutantScoreSelector.selectToKeep(PitMutantScoreSelector.java:169)
	at eu.stamp_project.dspot.Amplification.amplification(Amplification.java:202)
	at eu.stamp_project.dspot.Amplification.amplification(Amplification.java:137)
	at eu.stamp_project.dspot.DSpot._amplify(DSpot.java:214)
	at eu.stamp_project.dspot.DSpot._amplifyTestClass(DSpot.java:204)
	at java.util.stream.ReferencePipeline$3$1.accept(ReferencePipeline.java:193)
	at java.util.ArrayList$ArrayListSpliterator.forEachRemaining(ArrayList.java:1382)
	at java.util.stream.AbstractPipeline.copyInto(AbstractPipeline.java:481)
	at java.util.stream.AbstractPipeline.wrapAndCopyInto(AbstractPipeline.java:471)
	at java.util.stream.ReduceOps$ReduceOp.evaluateSequential(ReduceOps.java:708)
	at java.util.stream.AbstractPipeline.evaluate(AbstractPipeline.java:234)
	at java.util.stream.ReferencePipeline.collect(ReferencePipeline.java:499)
	at eu.stamp_project.dspot.DSpot._amplifyTestClasses(DSpot.java:200)
	at eu.stamp_project.dspot.DSpot.amplifyAllTests(DSpot.java:121)
	at eu.stamp_project.Main.run(Main.java:54)
	at eu.stamp_project.Main.main(Main.java:39)
Caused by: java.lang.RuntimeException: Maven build failed! Enable verbose mode for more information (--verbose)
	at eu.stamp_project.automaticbuilder.maven.MavenAutomaticBuilder.runPit(MavenAutomaticBuilder.java:169)
	... 16 more
