<?xml version="1.0" encoding="UTF-8" ?>
<testsuite tests="10" failures="0" name="eu.stamp_project.examples.dhell.HelloAppTest" time="0.179" errors="0" skipped="1">
  <properties>
[...]
</properties>
  <testcase classname="eu.stamp_project.examples.dhell.HelloAppTest" name="testReproduceException1" time="0.072">
    <skipped/>
    <system-out>dhell.HelloAppTest: @BeforeClass - runOnceAtTheBeginning
</system-out>
  </testcase>
  <testcase classname="eu.stamp_project.examples.dhell.HelloAppTest" name="testHelloAppSomeInfoAreReturned" time="0.073"/>
  <testcase classname="eu.stamp_project.examples.dhell.HelloAppTest" name="testHelloAppRun1" time="0.01"/>
  <testcase classname="eu.stamp_project.examples.dhell.HelloAppTest" name="testHelloAppRun2" time="0.005"/>
  <testcase classname="eu.stamp_project.examples.dhell.HelloAppTest" name="testHelloAppRun3" time="0.009"/>
  <testcase classname="eu.stamp_project.examples.dhell.HelloAppTest" name="testHelloAppDetailedInfoAreReturned" time="0.003"/>
  <testcase classname="eu.stamp_project.examples.dhell.HelloAppTest" name="testHelloAppDefault" time="0.004"/>
  <testcase classname="eu.stamp_project.examples.dhell.HelloAppTest" name="testHelloAppIntString" time="0.001"/>
  <testcase classname="eu.stamp_project.examples.dhell.HelloAppTest" name="testHelloAppString" time="0.001"/>
  <testcase classname="eu.stamp_project.examples.dhell.HelloAppTest" name="testHelloAppInt" time="0.001"/>
</testsuite>