<?xml version="1.0" encoding="UTF-8" ?>
<testsuite tests="6" failures="0" name="eu.stamp_project.examples.dhell.MyStorageTest" time="0" errors="0" skipped="2">
  <properties>
[...]
</properties>
  <testcase classname="eu.stamp_project.examples.dhell.MyStorageTest" name="testReproduceException2" time="0">
    <skipped/>
    <system-out>dhell.HelloAppTest: @AfterClass - runOnceAtTheEnd
</system-out>
  </testcase>
  <testcase classname="eu.stamp_project.examples.dhell.MyStorageTest" name="testReproduceException3" time="0">
    <skipped/>
  </testcase>
  <testcase classname="eu.stamp_project.examples.dhell.MyStorageTest" name="testMyStorageString" time="0"/>
  <testcase classname="eu.stamp_project.examples.dhell.MyStorageTest" name="testAddData" time="0"/>
  <testcase classname="eu.stamp_project.examples.dhell.MyStorageTest" name="testSaveReadData" time="0"/>
  <testcase classname="eu.stamp_project.examples.dhell.MyStorageTest" name="testMyStorageDefault" time="0"/>
</testsuite>